<?xml version="1.0" encoding="UTF-8"?>
<!-- Generated by org.testng.reporters.JUnitReportReporter -->
<testsuite hostname="MEHNAZ" failures="0" tests="1" name="SumValidation" time="1.798" errors="0" timestamp="2020-05-23T21:59:27 BDT" skipped="0">
  <testcase classname="SumValidation" name="sumOfCourses" time="1.798"/>
  <system-out/>
</testsuite> <!-- SumValidation -->
