<?xml version="1.0" encoding="UTF-8"?>
<!-- Generated by org.testng.reporters.JUnitReportReporter -->
<testsuite hostname="MEHNAZ" failures="0" tests="3" name="DynamicJson" time="4.714" errors="0" timestamp="2020-05-27T01:58:17 BDT" skipped="0">
  <testcase classname="DynamicJson" name="addBook" time="4.016"/>
  <system-out/>
  <testcase classname="DynamicJson" name="addBook" time="0.386"/>
  <system-out/>
  <testcase classname="DynamicJson" name="addBook" time="0.312"/>
  <system-out/>
</testsuite> <!-- DynamicJson -->
