<?xml version="1.0" encoding="UTF-8"?>
<!-- Generated by org.testng.reporters.JUnitReportReporter -->
<testsuite hostname="MEHNAZ" failures="0" tests="1" name="StaticJson" time="5.951" errors="0" timestamp="2020-05-27T03:18:09 BDT" skipped="0">
  <testcase classname="StaticJson" name="addBook" time="5.951"/>
  <system-out/>
</testsuite> <!-- StaticJson -->
